2015-11-01 19:51:16	I	msg:[DECODE] Next file is /var/www/html/mp3collection/255e24aafce360.mp3
2015-11-01 19:51:51	I	msg:[SHOUTCASTMETADATA] Metadata string [J King & Maximan Ft. Plan B - Ella Me Pide Something (Remix)]
2015-11-01 19:51:51	I	msg:[SHOUTCASTMETADATA] Sending metadata
2015-11-01 19:56:13	I	msg:[DECODE] Next file is /var/www/html/mp3collection/255e24a9491c3b.mp3
2015-11-01 19:56:49	I	msg:[SHOUTCASTMETADATA] Metadata string [J King & Maximan - Pa' Que Te Quites La Ropa]
2015-11-01 19:56:49	I	msg:[SHOUTCASTMETADATA] Sending metadata
2015-11-01 20:00:17	I	msg:[DECODE] Next file is /var/www/html/mp3collection/255d95058181ac.mp3
2015-11-01 20:00:53	I	msg:[SHOUTCASTMETADATA] Metadata string [Lui G 21 + - La Misma Copa]
2015-11-01 20:00:53	I	msg:[SHOUTCASTMETADATA] Sending metadata
2015-11-01 20:03:28	I	msg:[DECODE] Next file is /var/www/html/mp3collection/255d94f811a600.mp3
2015-11-01 20:04:04	I	msg:[SHOUTCASTMETADATA] Metadata string [Lui-G 21+ Ft Zion - Se Real]
2015-11-01 20:04:04	I	msg:[SHOUTCASTMETADATA] Sending metadata
2015-11-01 20:07:14	I	msg:[DECODE] Next file is /var/www/html/mp3collection/255d950fb13280.mp3
2015-11-01 20:07:50	I	msg:[SHOUTCASTMETADATA] Metadata string [Lui G 21+ Ft J Alvarez - Otro Panorama]
2015-11-01 20:07:50	I	msg:[SHOUTCASTMETADATA] Sending metadata
2015-11-01 20:10:35	I	msg:[DECODE] Next file is /var/www/html/mp3collection/255f62a6a051d7.mp3
2015-11-01 20:11:11	I	msg:[SHOUTCASTMETADATA] Metadata string [255f62a6a051d7]
2015-11-01 20:11:11	I	msg:[SHOUTCASTMETADATA] Sending metadata
2015-11-01 20:13:30	I	msg:[DECODE] Next file is /var/www/html/mp3collection/255e24aafce360.mp3
2015-11-01 20:14:07	I	msg:[SHOUTCASTMETADATA] Metadata string [J King & Maximan Ft. Plan B - Ella Me Pide Something (Remix)]
2015-11-01 20:14:07	I	msg:[SHOUTCASTMETADATA] Sending metadata
2015-11-01 20:18:28	I	msg:[DECODE] Next file is /var/www/html/mp3collection/255e24afe0e1c8.mp3
2015-11-01 20:19:03	I	msg:[SHOUTCASTMETADATA] Metadata string [01. Jowell & Randy - No Te Veo]
2015-11-01 20:19:03	I	msg:[SHOUTCASTMETADATA] Sending metadata
2015-11-01 20:22:12	I	msg:[DECODE] Next file is /var/www/html/mp3collection/255d6b4afecfbb.mp3
2015-11-01 20:22:48	I	msg:[SHOUTCASTMETADATA] Metadata string [Daddy Yankee - King Daddy]
2015-11-01 20:22:48	I	msg:[SHOUTCASTMETADATA] Sending metadata
2015-11-01 20:24:43	I	msg:[DECODE] Next file is /var/www/html/mp3collection/255d6b5ddb749e.mp3
2015-11-01 20:25:18	I	msg:[SHOUTCASTMETADATA] Metadata string [Daddy Yankee/Zion Y Lennox - Tu Principe]
2015-11-01 20:25:18	I	msg:[SHOUTCASTMETADATA] Sending metadata
2015-11-01 20:28:08	I	msg:[DECODE] Next file is /var/www/html/mp3collection/255e24b152a31b.mp3
2015-11-01 20:28:44	I	msg:[SHOUTCASTMETADATA] Metadata string [02. Tito El Bambino - Siente El Boom (Remix) (feat. Jowell & Randy)]
2015-11-01 20:28:44	I	msg:[SHOUTCASTMETADATA] Sending metadata
2015-11-01 20:30:39	I	msg:[DECODE] Next file is /var/www/html/mp3collection/255e249b11a83f.mp3
2015-11-01 20:31:15	I	msg:[SHOUTCASTMETADATA] Metadata string [J King & Maximan - Dura Dura]
2015-11-01 20:31:15	I	msg:[SHOUTCASTMETADATA] Sending metadata
2015-11-01 20:34:31	I	msg:[DECODE] Next file is /var/www/html/mp3collection/255e247002ba2c.mp3
2015-11-01 20:35:07	I	msg:[SHOUTCASTMETADATA] Metadata string [J King & Maximan - Pa' Que Te Quites La Ropa]
2015-11-01 20:35:07	I	msg:[SHOUTCASTMETADATA] Sending metadata
2015-11-01 20:38:35	I	msg:[DECODE] Next file is /var/www/html/mp3collection/255e24a9491c3b.mp3
2015-11-01 20:39:10	I	msg:[SHOUTCASTMETADATA] Metadata string [J King & Maximan - Pa' Que Te Quites La Ropa]
2015-11-01 20:39:10	I	msg:[SHOUTCASTMETADATA] Sending metadata
2015-11-01 20:42:39	I	msg:[DECODE] Next file is /var/www/html/mp3collection/255d922024ddc0.mp3
2015-11-01 20:43:15	I	msg:[SHOUTCASTMETADATA] Metadata string [Daddy Yankee - Descontrol]
2015-11-01 20:43:15	I	msg:[SHOUTCASTMETADATA] Sending metadata
2015-11-01 20:45:32	I	msg:[DECODE] Next file is /var/www/html/mp3collection/255e24b350b0f2.mp3
2015-11-01 20:46:08	I	msg:[SHOUTCASTMETADATA] Metadata string [06. Randy - Soy Una Gárgola]
2015-11-01 20:46:08	I	msg:[SHOUTCASTMETADATA] Sending metadata
2015-11-01 20:48:05	I	msg:[DECODE] Next file is /var/www/html/mp3collection/255d9659a029b6.mp3
2015-11-01 20:48:05	I	msg:[RESAMPLER] Resampling 48000/2 == 44100/2
2015-11-01 20:48:41	I	msg:[SHOUTCASTMETADATA] Metadata string [J Alvarez - La Pregunta]
2015-11-01 20:48:41	I	msg:[SHOUTCASTMETADATA] Sending metadata
2015-11-01 20:52:34	I	msg:[DECODE] Next file is /var/www/html/mp3collection/255e249bb7ab79.mp3
2015-11-01 20:52:34	W	msg:RVAD tag not supported in file /var/www/html/mp3collection/255fe12f1b958c.mp3
2015-11-01 20:52:34	I	msg:[RESAMPLER] Deactivated 44100/2 == 44100/2
2015-11-01 20:53:10	I	msg:[SHOUTCASTMETADATA] Metadata string [J King & Maximan Ft. Ñengo Flow - Siente]
2015-11-01 20:53:10	I	msg:[SHOUTCASTMETADATA] Sending metadata
2015-11-01 20:56:55	I	msg:[DECODE] Next file is /var/www/html/mp3collection/255d95058181ac.mp3
2015-11-01 20:56:55	W	msg:RVAD tag not supported in file /var/www/html/mp3collection/255fe12f1b958c.mp3
2015-11-01 20:57:30	I	msg:[SHOUTCASTMETADATA] Metadata string [Lui G 21 + - La Misma Copa]
2015-11-01 20:57:30	I	msg:[SHOUTCASTMETADATA] Sending metadata
2015-11-01 21:00:05	I	msg:[DECODE] Next file is /var/www/html/mp3collection/255d94e54d773f.mp3
2015-11-01 21:00:05	W	msg:RVAD tag not supported in file /var/www/html/mp3collection/255fe12f1b958c.mp3
2015-11-01 21:00:06	W	msg:RVAD tag not supported in file /var/www/html/mp3collection/255fe12f1b958c.mp3
2015-11-01 21:00:42	I	msg:[SHOUTCASTMETADATA] Metadata string [Lui G 21+ - Musica Alta]
2015-11-01 21:00:42	I	msg:[SHOUTCASTMETADATA] Sending metadata
2015-11-01 21:02:54	I	msg:[DECODE] Next file is /var/www/html/mp3collection/255fe12f1b958c.mp3
2015-11-01 21:02:54	W	msg:RVAD tag not supported in file /var/www/html/mp3collection/255fe12f1b958c.mp3
2015-11-01 21:02:54	W	msg:RVAD tag not supported in file /var/www/html/mp3collection/255fe12f1b958c.mp3
2015-11-01 21:03:31	I	msg:[SHOUTCASTMETADATA] Metadata string [Daddy Yankee - Me Enteré (Ft. Tito "El Bambino")]
2015-11-01 21:03:31	I	msg:[SHOUTCASTMETADATA] Sending metadata
2015-11-01 21:06:01	I	msg:[DECODE] Next file is /var/www/html/mp3collection/255d6b54a4cf29.mp3
2015-11-01 21:06:38	I	msg:[SHOUTCASTMETADATA] Metadata string [Daddy Yankee - Lo Que Paso, Paso]
2015-11-01 21:06:38	I	msg:[SHOUTCASTMETADATA] Sending metadata
2015-11-01 21:09:33	I	msg:[DECODE] Next file is /var/www/html/mp3collection/255d6b6117c923.mp3
2015-11-01 21:10:08	I	msg:[SHOUTCASTMETADATA] Metadata string [Daddy Yankee - Salud Y Vida]
2015-11-01 21:10:08	I	msg:[SHOUTCASTMETADATA] Sending metadata
2015-11-01 21:12:59	I	msg:[DECODE] Next file is /var/www/html/mp3collection/255e24a794d054.mp3
2015-11-01 21:13:35	I	msg:[SHOUTCASTMETADATA] Metadata string [J King & Maximan Ft. Ñejo & Dalmata, De La Ghetto, Jamsha & Guelo Star - La Longa (Remix)]
2015-11-01 21:13:35	I	msg:[SHOUTCASTMETADATA] Sending metadata
2015-11-01 21:19:59	I	msg:[DECODE] Next file is /var/www/html/mp3collection/255d94f02ea72f.mp3
2015-11-01 21:20:35	I	msg:[SHOUTCASTMETADATA] Metadata string [Lui G 21+ - Una Locura]
2015-11-01 21:20:35	I	msg:[SHOUTCASTMETADATA] Sending metadata
2015-11-01 21:22:48	I	msg:[DECODE] Next file is /var/www/html/mp3collection/255d94febc086f.mp3
2015-11-01 21:23:24	I	msg:[SHOUTCASTMETADATA] Metadata string [Lui G 21+ - Asi Soy Yo]
2015-11-01 21:23:24	I	msg:[SHOUTCASTMETADATA] Sending metadata
2015-11-01 21:26:14	I	msg:[DECODE] Next file is /var/www/html/mp3collection/255d6b5ddb749e.mp3
2015-11-01 21:26:50	I	msg:[SHOUTCASTMETADATA] Metadata string [Daddy Yankee/Zion Y Lennox - Tu Principe]
2015-11-01 21:26:50	I	msg:[SHOUTCASTMETADATA] Sending metadata
2015-11-01 21:29:39	I	msg:[DECODE] Next file is /var/www/html/mp3collection/255d94f811a600.mp3
2015-11-01 21:30:15	I	msg:[SHOUTCASTMETADATA] Metadata string [Lui-G 21+ Ft Zion - Se Real]
2015-11-01 21:30:15	I	msg:[SHOUTCASTMETADATA] Sending metadata
2015-11-01 21:33:26	I	msg:[DECODE] Next file is /var/www/html/mp3collection/255e24afe0e1c8.mp3
2015-11-01 21:34:01	I	msg:[SHOUTCASTMETADATA] Metadata string [01. Jowell & Randy - No Te Veo]
2015-11-01 21:34:01	I	msg:[SHOUTCASTMETADATA] Sending metadata
2015-11-01 21:37:10	I	msg:[DECODE] Next file is /var/www/html/mp3collection/255e249bb7ab79.mp3
2015-11-01 21:37:46	I	msg:[SHOUTCASTMETADATA] Metadata string [J King & Maximan Ft. Ñengo Flow - Siente]
2015-11-01 21:37:46	I	msg:[SHOUTCASTMETADATA] Sending metadata
2015-11-01 21:41:30	I	msg:[DECODE] Next file is /var/www/html/mp3collection/255d94febc086f.mp3
2015-11-01 21:42:06	I	msg:[SHOUTCASTMETADATA] Metadata string [Lui G 21+ - Asi Soy Yo]
2015-11-01 21:42:06	I	msg:[SHOUTCASTMETADATA] Sending metadata
2015-11-01 21:44:56	I	msg:[DECODE] Next file is /var/www/html/mp3collection/255e24a9491c3b.mp3
2015-11-01 21:45:32	I	msg:[SHOUTCASTMETADATA] Metadata string [J King & Maximan - Pa' Que Te Quites La Ropa]
2015-11-01 21:45:32	I	msg:[SHOUTCASTMETADATA] Sending metadata
2015-11-01 21:49:00	I	msg:[DECODE] Next file is /var/www/html/mp3collection/255e24aafce360.mp3
2015-11-01 21:49:36	I	msg:[SHOUTCASTMETADATA] Metadata string [J King & Maximan Ft. Plan B - Ella Me Pide Something (Remix)]
2015-11-01 21:49:36	I	msg:[SHOUTCASTMETADATA] Sending metadata
2015-11-01 21:53:57	I	msg:[DECODE] Next file is /var/www/html/mp3collection/255e24b350b0f2.mp3
2015-11-01 21:54:33	I	msg:[SHOUTCASTMETADATA] Metadata string [06. Randy - Soy Una Gárgola]
2015-11-01 21:54:33	I	msg:[SHOUTCASTMETADATA] Sending metadata
2015-11-01 21:56:30	I	msg:[DECODE] Next file is /var/www/html/mp3collection/255d6b54a4cf29.mp3
2015-11-01 21:57:06	I	msg:[SHOUTCASTMETADATA] Metadata string [Daddy Yankee - Lo Que Paso, Paso]
2015-11-01 21:57:06	I	msg:[SHOUTCASTMETADATA] Sending metadata
2015-11-01 22:00:01	I	msg:[DECODE] Next file is /var/www/html/mp3collection/255d950fb13280.mp3
2015-11-01 22:00:36	I	msg:[SHOUTCASTMETADATA] Metadata string [Lui G 21+ Ft J Alvarez - Otro Panorama]
2015-11-01 22:00:36	I	msg:[SHOUTCASTMETADATA] Sending metadata
2015-11-01 22:03:21	I	msg:[DECODE] Next file is /var/www/html/mp3collection/255d6b6117c923.mp3
2015-11-01 22:03:57	I	msg:[SHOUTCASTMETADATA] Metadata string [Daddy Yankee - Salud Y Vida]
2015-11-01 22:03:57	I	msg:[SHOUTCASTMETADATA] Sending metadata
2015-11-01 22:06:48	I	msg:[DECODE] Next file is /var/www/html/mp3collection/255e24a794d054.mp3
2015-11-01 22:07:23	I	msg:[SHOUTCASTMETADATA] Metadata string [J King & Maximan Ft. Ñejo & Dalmata, De La Ghetto, Jamsha & Guelo Star - La Longa (Remix)]
2015-11-01 22:07:23	I	msg:[SHOUTCASTMETADATA] Sending metadata
2015-11-01 22:13:47	I	msg:[DECODE] Next file is /var/www/html/mp3collection/255f62a6a051d7.mp3
2015-11-01 22:14:23	I	msg:[SHOUTCASTMETADATA] Metadata string [255f62a6a051d7]
2015-11-01 22:14:23	I	msg:[SHOUTCASTMETADATA] Sending metadata
2015-11-01 22:16:43	I	msg:[DECODE] Next file is /var/www/html/mp3collection/255d6b4afecfbb.mp3
2015-11-01 22:16:43	W	msg:RVAD tag not supported in file /var/www/html/mp3collection/255fe12f1b958c.mp3
2015-11-01 22:17:19	I	msg:[SHOUTCASTMETADATA] Metadata string [Daddy Yankee - King Daddy]
2015-11-01 22:17:19	I	msg:[SHOUTCASTMETADATA] Sending metadata
2015-11-01 22:19:14	I	msg:[DECODE] Next file is /var/www/html/mp3collection/255d95058181ac.mp3
2015-11-01 22:19:14	W	msg:RVAD tag not supported in file /var/www/html/mp3collection/255fe12f1b958c.mp3
2015-11-01 22:19:49	I	msg:[SHOUTCASTMETADATA] Metadata string [Lui G 21 + - La Misma Copa]
2015-11-01 22:19:49	I	msg:[SHOUTCASTMETADATA] Sending metadata
2015-11-01 22:22:25	I	msg:[DECODE] Next file is /var/www/html/mp3collection/255e247002ba2c.mp3
2015-11-01 22:22:25	W	msg:RVAD tag not supported in file /var/www/html/mp3collection/255fe12f1b958c.mp3
2015-11-01 22:22:25	W	msg:RVAD tag not supported in file /var/www/html/mp3collection/255fe12f1b958c.mp3
2015-11-01 22:23:01	I	msg:[SHOUTCASTMETADATA] Metadata string [J King & Maximan - Pa' Que Te Quites La Ropa]
2015-11-01 22:23:01	I	msg:[SHOUTCASTMETADATA] Sending metadata
2015-11-01 22:26:29	I	msg:[DECODE] Next file is /var/www/html/mp3collection/255fe12f1b958c.mp3
2015-11-01 22:26:29	W	msg:RVAD tag not supported in file /var/www/html/mp3collection/255fe12f1b958c.mp3
2015-11-01 22:26:29	W	msg:RVAD tag not supported in file /var/www/html/mp3collection/255fe12f1b958c.mp3
2015-11-01 22:27:05	I	msg:[SHOUTCASTMETADATA] Metadata string [Daddy Yankee - Me Enteré (Ft. Tito "El Bambino")]
2015-11-01 22:27:05	I	msg:[SHOUTCASTMETADATA] Sending metadata
2015-11-01 22:29:35	I	msg:[DECODE] Next file is /var/www/html/mp3collection/255d922024ddc0.mp3
2015-11-01 22:30:11	I	msg:[SHOUTCASTMETADATA] Metadata string [Daddy Yankee - Descontrol]
2015-11-01 22:30:11	I	msg:[SHOUTCASTMETADATA] Sending metadata
2015-11-01 22:32:29	I	msg:[DECODE] Next file is /var/www/html/mp3collection/255d94e54d773f.mp3
2015-11-01 22:33:05	I	msg:[SHOUTCASTMETADATA] Metadata string [Lui G 21+ - Musica Alta]
2015-11-01 22:33:05	I	msg:[SHOUTCASTMETADATA] Sending metadata
2015-11-01 22:35:18	I	msg:[DECODE] Next file is /var/www/html/mp3collection/255d9659a029b6.mp3
2015-11-01 22:35:18	I	msg:[RESAMPLER] Resampling 48000/2 == 44100/2
2015-11-01 22:35:54	I	msg:[SHOUTCASTMETADATA] Metadata string [J Alvarez - La Pregunta]
2015-11-01 22:35:54	I	msg:[SHOUTCASTMETADATA] Sending metadata
2015-11-01 22:39:47	I	msg:[DECODE] Next file is /var/www/html/mp3collection/255d94f02ea72f.mp3
2015-11-01 22:39:47	I	msg:[RESAMPLER] Deactivated 44100/2 == 44100/2
2015-11-01 22:40:22	I	msg:[SHOUTCASTMETADATA] Metadata string [Lui G 21+ - Una Locura]
2015-11-01 22:40:22	I	msg:[SHOUTCASTMETADATA] Sending metadata
2015-11-01 22:42:36	I	msg:[DECODE] Next file is /var/www/html/mp3collection/255e24b152a31b.mp3
2015-11-01 22:43:12	I	msg:[SHOUTCASTMETADATA] Metadata string [02. Tito El Bambino - Siente El Boom (Remix) (feat. Jowell & Randy)]
2015-11-01 22:43:12	I	msg:[SHOUTCASTMETADATA] Sending metadata
2015-11-01 22:45:08	I	msg:[DECODE] Next file is /var/www/html/mp3collection/255e249b11a83f.mp3
2015-11-01 22:45:43	I	msg:[SHOUTCASTMETADATA] Metadata string [J King & Maximan - Dura Dura]
2015-11-01 22:45:43	I	msg:[SHOUTCASTMETADATA] Sending metadata
2015-11-01 22:49:00	I	msg:[DECODE] Next file is /var/www/html/mp3collection/255d94f02ea72f.mp3
2015-11-01 22:49:35	I	msg:[SHOUTCASTMETADATA] Metadata string [Lui G 21+ - Una Locura]
2015-11-01 22:49:35	I	msg:[SHOUTCASTMETADATA] Sending metadata
2015-11-01 22:51:49	I	msg:[DECODE] Next file is /var/www/html/mp3collection/255d6b54a4cf29.mp3
2015-11-01 22:52:25	I	msg:[SHOUTCASTMETADATA] Metadata string [Daddy Yankee - Lo Que Paso, Paso]
2015-11-01 22:52:25	I	msg:[SHOUTCASTMETADATA] Sending metadata
2015-11-01 22:55:20	I	msg:[DECODE] Next file is /var/www/html/mp3collection/255d922024ddc0.mp3
2015-11-01 22:55:56	I	msg:[SHOUTCASTMETADATA] Metadata string [Daddy Yankee - Descontrol]
2015-11-01 22:55:56	I	msg:[SHOUTCASTMETADATA] Sending metadata
2015-11-01 22:58:13	I	msg:[DECODE] Next file is /var/www/html/mp3collection/255d95058181ac.mp3
2015-11-01 22:58:13	W	msg:RVAD tag not supported in file /var/www/html/mp3collection/255fe12f1b958c.mp3
2015-11-01 22:58:48	I	msg:[SHOUTCASTMETADATA] Metadata string [Lui G 21 + - La Misma Copa]
2015-11-01 22:58:48	I	msg:[SHOUTCASTMETADATA] Sending metadata
2015-11-01 23:01:24	I	msg:[DECODE] Next file is /var/www/html/mp3collection/255d6b4afecfbb.mp3
2015-11-01 23:01:24	W	msg:RVAD tag not supported in file /var/www/html/mp3collection/255fe12f1b958c.mp3
2015-11-01 23:02:00	I	msg:[SHOUTCASTMETADATA] Metadata string [Daddy Yankee - King Daddy]
2015-11-01 23:02:00	I	msg:[SHOUTCASTMETADATA] Sending metadata
2015-11-01 23:03:55	I	msg:[DECODE] Next file is /var/www/html/mp3collection/255e24b350b0f2.mp3
2015-11-01 23:03:55	W	msg:RVAD tag not supported in file /var/www/html/mp3collection/255fe12f1b958c.mp3
2015-11-01 23:03:55	W	msg:RVAD tag not supported in file /var/www/html/mp3collection/255fe12f1b958c.mp3
2015-11-01 23:04:30	I	msg:[SHOUTCASTMETADATA] Metadata string [06. Randy - Soy Una Gárgola]
2015-11-01 23:04:30	I	msg:[SHOUTCASTMETADATA] Sending metadata
2015-11-01 23:06:28	I	msg:[DECODE] Next file is /var/www/html/mp3collection/255fe12f1b958c.mp3
2015-11-01 23:06:28	W	msg:RVAD tag not supported in file /var/www/html/mp3collection/255fe12f1b958c.mp3
2015-11-01 23:06:28	W	msg:RVAD tag not supported in file /var/www/html/mp3collection/255fe12f1b958c.mp3
2015-11-01 23:07:04	I	msg:[SHOUTCASTMETADATA] Metadata string [Daddy Yankee - Me Enteré (Ft. Tito "El Bambino")]
2015-11-01 23:07:04	I	msg:[SHOUTCASTMETADATA] Sending metadata
2015-11-01 23:09:35	I	msg:[DECODE] Next file is /var/www/html/mp3collection/255e24a794d054.mp3
2015-11-01 23:10:11	I	msg:[SHOUTCASTMETADATA] Metadata string [J King & Maximan Ft. Ñejo & Dalmata, De La Ghetto, Jamsha & Guelo Star - La Longa (Remix)]
2015-11-01 23:10:11	I	msg:[SHOUTCASTMETADATA] Sending metadata
2015-11-01 23:16:34	I	msg:[DECODE] Next file is /var/www/html/mp3collection/255d94f811a600.mp3
2015-11-01 23:17:10	I	msg:[SHOUTCASTMETADATA] Metadata string [Lui-G 21+ Ft Zion - Se Real]
2015-11-01 23:17:10	I	msg:[SHOUTCASTMETADATA] Sending metadata
2015-11-01 23:20:21	I	msg:[DECODE] Next file is /var/www/html/mp3collection/255f62a6a051d7.mp3
2015-11-01 23:20:56	I	msg:[SHOUTCASTMETADATA] Metadata string [255f62a6a051d7]
2015-11-01 23:20:56	I	msg:[SHOUTCASTMETADATA] Sending metadata
2015-11-01 23:23:17	I	msg:[DECODE] Next file is /var/www/html/mp3collection/255e247002ba2c.mp3
2015-11-01 23:23:53	I	msg:[SHOUTCASTMETADATA] Metadata string [J King & Maximan - Pa' Que Te Quites La Ropa]
2015-11-01 23:23:53	I	msg:[SHOUTCASTMETADATA] Sending metadata
2015-11-01 23:27:20	I	msg:[DECODE] Next file is /var/www/html/mp3collection/255d950fb13280.mp3
2015-11-01 23:27:56	I	msg:[SHOUTCASTMETADATA] Metadata string [Lui G 21+ Ft J Alvarez - Otro Panorama]
2015-11-01 23:27:56	I	msg:[SHOUTCASTMETADATA] Sending metadata
2015-11-01 23:30:41	I	msg:[DECODE] Next file is /var/www/html/mp3collection/255e24b152a31b.mp3
2015-11-01 23:31:17	I	msg:[SHOUTCASTMETADATA] Metadata string [02. Tito El Bambino - Siente El Boom (Remix) (feat. Jowell & Randy)]
2015-11-01 23:31:17	I	msg:[SHOUTCASTMETADATA] Sending metadata
2015-11-01 23:33:12	I	msg:[DECODE] Next file is /var/www/html/mp3collection/255e24afe0e1c8.mp3
2015-11-01 23:33:48	I	msg:[SHOUTCASTMETADATA] Metadata string [01. Jowell & Randy - No Te Veo]
2015-11-01 23:33:48	I	msg:[SHOUTCASTMETADATA] Sending metadata
2015-11-01 23:36:56	I	msg:[DECODE] Next file is /var/www/html/mp3collection/255e249bb7ab79.mp3
2015-11-01 23:37:31	I	msg:[SHOUTCASTMETADATA] Metadata string [J King & Maximan Ft. Ñengo Flow - Siente]
2015-11-01 23:37:31	I	msg:[SHOUTCASTMETADATA] Sending metadata
2015-11-01 23:41:16	I	msg:[DECODE] Next file is /var/www/html/mp3collection/255e249b11a83f.mp3
2015-11-01 23:41:52	I	msg:[SHOUTCASTMETADATA] Metadata string [J King & Maximan - Dura Dura]
2015-11-01 23:41:52	I	msg:[SHOUTCASTMETADATA] Sending metadata
2015-11-01 23:45:09	I	msg:[DECODE] Next file is /var/www/html/mp3collection/255d94e54d773f.mp3
2015-11-01 23:45:44	I	msg:[SHOUTCASTMETADATA] Metadata string [Lui G 21+ - Musica Alta]
2015-11-01 23:45:44	I	msg:[SHOUTCASTMETADATA] Sending metadata
2015-11-01 23:47:57	I	msg:[DECODE] Next file is /var/www/html/mp3collection/255e24a9491c3b.mp3
2015-11-01 23:48:34	I	msg:[SHOUTCASTMETADATA] Metadata string [J King & Maximan - Pa' Que Te Quites La Ropa]
2015-11-01 23:48:34	I	msg:[SHOUTCASTMETADATA] Sending metadata
2015-11-01 23:52:01	I	msg:[DECODE] Next file is /var/www/html/mp3collection/255d9659a029b6.mp3
2015-11-01 23:52:01	I	msg:[RESAMPLER] Resampling 48000/2 == 44100/2
2015-11-01 23:52:36	I	msg:[SHOUTCASTMETADATA] Metadata string [J Alvarez - La Pregunta]
2015-11-01 23:52:36	I	msg:[SHOUTCASTMETADATA] Sending metadata
2015-11-01 23:56:31	I	msg:[DECODE] Next file is /var/www/html/mp3collection/255e24aafce360.mp3
2015-11-01 23:56:31	I	msg:[RESAMPLER] Deactivated 44100/2 == 44100/2
2015-11-01 23:57:07	I	msg:[SHOUTCASTMETADATA] Metadata string [J King & Maximan Ft. Plan B - Ella Me Pide Something (Remix)]
2015-11-01 23:57:07	I	msg:[SHOUTCASTMETADATA] Sending metadata
2015-11-02 00:01:28	I	msg:[DECODE] Next file is /var/www/html/mp3collection/255d6b5ddb749e.mp3
2015-11-02 00:02:04	I	msg:[SHOUTCASTMETADATA] Metadata string [Daddy Yankee/Zion Y Lennox - Tu Principe]
2015-11-02 00:02:04	I	msg:[SHOUTCASTMETADATA] Sending metadata
2015-11-02 00:04:53	I	msg:[DECODE] Next file is /var/www/html/mp3collection/255d6b6117c923.mp3
2015-11-02 00:05:29	I	msg:[SHOUTCASTMETADATA] Metadata string [Daddy Yankee - Salud Y Vida]
2015-11-02 00:05:29	I	msg:[SHOUTCASTMETADATA] Sending metadata
2015-11-02 00:08:20	I	msg:[DECODE] Next file is /var/www/html/mp3collection/255d94febc086f.mp3
2015-11-02 00:08:56	I	msg:[SHOUTCASTMETADATA] Metadata string [Lui G 21+ - Asi Soy Yo]
2015-11-02 00:08:56	I	msg:[SHOUTCASTMETADATA] Sending metadata
2015-11-02 00:11:46	I	msg:[DECODE] Next file is /var/www/html/mp3collection/255d6b5ddb749e.mp3
2015-11-02 00:12:22	I	msg:[SHOUTCASTMETADATA] Metadata string [Daddy Yankee/Zion Y Lennox - Tu Principe]
2015-11-02 00:12:22	I	msg:[SHOUTCASTMETADATA] Sending metadata
2015-11-02 00:15:11	I	msg:[DECODE] Next file is /var/www/html/mp3collection/255e24aafce360.mp3
2015-11-02 00:15:46	I	msg:[SHOUTCASTMETADATA] Metadata string [J King & Maximan Ft. Plan B - Ella Me Pide Something (Remix)]
2015-11-02 00:15:46	I	msg:[SHOUTCASTMETADATA] Sending metadata
2015-11-02 00:20:08	I	msg:[DECODE] Next file is /var/www/html/mp3collection/255d950fb13280.mp3
2015-11-02 00:20:43	I	msg:[SHOUTCASTMETADATA] Metadata string [Lui G 21+ Ft J Alvarez - Otro Panorama]
2015-11-02 00:20:43	I	msg:[SHOUTCASTMETADATA] Sending metadata
2015-11-02 00:23:28	I	msg:[DECODE] Next file is /var/www/html/mp3collection/255d6b6117c923.mp3
2015-11-02 00:24:05	I	msg:[SHOUTCASTMETADATA] Metadata string [Daddy Yankee - Salud Y Vida]
2015-11-02 00:24:05	I	msg:[SHOUTCASTMETADATA] Sending metadata
2015-11-02 00:26:55	I	msg:[DECODE] Next file is /var/www/html/mp3collection/255d94febc086f.mp3
2015-11-02 00:27:31	I	msg:[SHOUTCASTMETADATA] Metadata string [Lui G 21+ - Asi Soy Yo]
2015-11-02 00:27:31	I	msg:[SHOUTCASTMETADATA] Sending metadata
2015-11-02 00:30:21	I	msg:[DECODE] Next file is /var/www/html/mp3collection/255e24a794d054.mp3
2015-11-02 00:30:57	I	msg:[SHOUTCASTMETADATA] Metadata string [J King & Maximan Ft. Ñejo & Dalmata, De La Ghetto, Jamsha & Guelo Star - La Longa (Remix)]
2015-11-02 00:30:57	I	msg:[SHOUTCASTMETADATA] Sending metadata
2015-11-02 00:37:20	I	msg:[DECODE] Next file is /var/www/html/mp3collection/255d95058181ac.mp3
2015-11-02 00:37:56	I	msg:[SHOUTCASTMETADATA] Metadata string [Lui G 21 + - La Misma Copa]
2015-11-02 00:37:56	I	msg:[SHOUTCASTMETADATA] Sending metadata
2015-11-02 00:40:31	I	msg:[DECODE] Next file is /var/www/html/mp3collection/255e24b350b0f2.mp3
2015-11-02 00:41:07	I	msg:[SHOUTCASTMETADATA] Metadata string [06. Randy - Soy Una Gárgola]
2015-11-02 00:41:07	I	msg:[SHOUTCASTMETADATA] Sending metadata
2015-11-02 00:43:04	I	msg:[DECODE] Next file is /var/www/html/mp3collection/255d94e54d773f.mp3
2015-11-02 00:43:40	I	msg:[SHOUTCASTMETADATA] Metadata string [Lui G 21+ - Musica Alta]
2015-11-02 00:43:40	I	msg:[SHOUTCASTMETADATA] Sending metadata
2015-11-02 00:45:53	I	msg:[DECODE] Next file is /var/www/html/mp3collection/255e24b152a31b.mp3
2015-11-02 00:46:29	I	msg:[SHOUTCASTMETADATA] Metadata string [02. Tito El Bambino - Siente El Boom (Remix) (feat. Jowell & Randy)]
2015-11-02 00:46:29	I	msg:[SHOUTCASTMETADATA] Sending metadata
2015-11-02 00:48:24	I	msg:[DECODE] Next file is /var/www/html/mp3collection/255d6b4afecfbb.mp3
2015-11-02 00:49:00	I	msg:[SHOUTCASTMETADATA] Metadata string [Daddy Yankee - King Daddy]
2015-11-02 00:49:00	I	msg:[SHOUTCASTMETADATA] Sending metadata
2015-11-02 00:50:55	I	msg:[DECODE] Next file is /var/www/html/mp3collection/255d94f02ea72f.mp3
2015-11-02 00:51:31	I	msg:[SHOUTCASTMETADATA] Metadata string [Lui G 21+ - Una Locura]
2015-11-02 00:51:31	I	msg:[SHOUTCASTMETADATA] Sending metadata
2015-11-02 00:53:45	I	msg:[DECODE] Next file is /var/www/html/mp3collection/255e24afe0e1c8.mp3
2015-11-02 00:54:21	I	msg:[SHOUTCASTMETADATA] Metadata string [01. Jowell & Randy - No Te Veo]
2015-11-02 00:54:21	I	msg:[SHOUTCASTMETADATA] Sending metadata
2015-11-02 00:57:29	I	msg:[DECODE] Next file is /var/www/html/mp3collection/255d9659a029b6.mp3
2015-11-02 00:57:29	I	msg:[RESAMPLER] Resampling 48000/2 == 44100/2
2015-11-02 00:58:05	I	msg:[SHOUTCASTMETADATA] Metadata string [J Alvarez - La Pregunta]
2015-11-02 00:58:05	I	msg:[SHOUTCASTMETADATA] Sending metadata
2015-11-02 01:01:58	I	msg:[DECODE] Next file is /var/www/html/mp3collection/255e247002ba2c.mp3
2015-11-02 01:01:58	I	msg:[RESAMPLER] Deactivated 44100/2 == 44100/2
2015-11-02 01:02:33	I	msg:[SHOUTCASTMETADATA] Metadata string [J King & Maximan - Pa' Que Te Quites La Ropa]
2015-11-02 01:02:33	I	msg:[SHOUTCASTMETADATA] Sending metadata
2015-11-02 01:06:02	I	msg:[DECODE] Next file is /var/www/html/mp3collection/255d94f811a600.mp3
2015-11-02 01:06:37	I	msg:[SHOUTCASTMETADATA] Metadata string [Lui-G 21+ Ft Zion - Se Real]
2015-11-02 01:06:37	I	msg:[SHOUTCASTMETADATA] Sending metadata
2015-11-02 01:09:49	I	msg:[DECODE] Next file is /var/www/html/mp3collection/255d6b54a4cf29.mp3
2015-11-02 01:10:24	I	msg:[SHOUTCASTMETADATA] Metadata string [Daddy Yankee - Lo Que Paso, Paso]
2015-11-02 01:10:24	I	msg:[SHOUTCASTMETADATA] Sending metadata
2015-11-02 01:13:19	I	msg:[DECODE] Next file is /var/www/html/mp3collection/255e24a9491c3b.mp3
2015-11-02 01:13:56	I	msg:[SHOUTCASTMETADATA] Metadata string [J King & Maximan - Pa' Que Te Quites La Ropa]
2015-11-02 01:13:56	I	msg:[SHOUTCASTMETADATA] Sending metadata
2015-11-02 01:17:23	I	msg:[DECODE] Next file is /var/www/html/mp3collection/255d922024ddc0.mp3
2015-11-02 01:17:23	W	msg:RVAD tag not supported in file /var/www/html/mp3collection/255fe12f1b958c.mp3
2015-11-02 01:17:59	I	msg:[SHOUTCASTMETADATA] Metadata string [Daddy Yankee - Descontrol]
2015-11-02 01:17:59	I	msg:[SHOUTCASTMETADATA] Sending metadata
2015-11-02 01:20:16	I	msg:[DECODE] Next file is /var/www/html/mp3collection/255e249b11a83f.mp3
2015-11-02 01:20:16	W	msg:RVAD tag not supported in file /var/www/html/mp3collection/255fe12f1b958c.mp3
2015-11-02 01:20:52	I	msg:[SHOUTCASTMETADATA] Metadata string [J King & Maximan - Dura Dura]
2015-11-02 01:20:52	I	msg:[SHOUTCASTMETADATA] Sending metadata
2015-11-02 01:24:08	I	msg:[DECODE] Next file is /var/www/html/mp3collection/255f62a6a051d7.mp3
2015-11-02 01:24:08	W	msg:RVAD tag not supported in file /var/www/html/mp3collection/255fe12f1b958c.mp3
2015-11-02 01:24:08	W	msg:RVAD tag not supported in file /var/www/html/mp3collection/255fe12f1b958c.mp3
2015-11-02 01:24:44	I	msg:[SHOUTCASTMETADATA] Metadata string [255f62a6a051d7]
2015-11-02 01:24:44	I	msg:[SHOUTCASTMETADATA] Sending metadata
2015-11-02 01:27:04	I	msg:[DECODE] Next file is /var/www/html/mp3collection/255fe12f1b958c.mp3
2015-11-02 01:27:04	W	msg:RVAD tag not supported in file /var/www/html/mp3collection/255fe12f1b958c.mp3
2015-11-02 01:27:04	W	msg:RVAD tag not supported in file /var/www/html/mp3collection/255fe12f1b958c.mp3
2015-11-02 01:27:40	I	msg:[SHOUTCASTMETADATA] Metadata string [Daddy Yankee - Me Enteré (Ft. Tito "El Bambino")]
2015-11-02 01:27:40	I	msg:[SHOUTCASTMETADATA] Sending metadata
2015-11-02 01:30:11	I	msg:[DECODE] Next file is /var/www/html/mp3collection/255e249bb7ab79.mp3
2015-11-02 01:30:46	I	msg:[SHOUTCASTMETADATA] Metadata string [J King & Maximan Ft. Ñengo Flow - Siente]
2015-11-02 01:30:46	I	msg:[SHOUTCASTMETADATA] Sending metadata
2015-11-02 01:34:32	I	msg:[DECODE] Next file is /var/www/html/mp3collection/255e24b350b0f2.mp3
2015-11-02 01:35:08	I	msg:[SHOUTCASTMETADATA] Metadata string [06. Randy - Soy Una Gárgola]
2015-11-02 01:35:08	I	msg:[SHOUTCASTMETADATA] Sending metadata
2015-11-02 01:37:05	I	msg:[DECODE] Next file is /var/www/html/mp3collection/255e249bb7ab79.mp3
2015-11-02 01:37:41	I	msg:[SHOUTCASTMETADATA] Metadata string [J King & Maximan Ft. Ñengo Flow - Siente]
2015-11-02 01:37:41	I	msg:[SHOUTCASTMETADATA] Sending metadata
2015-11-02 01:41:25	I	msg:[DECODE] Next file is /var/www/html/mp3collection/255d6b5ddb749e.mp3
2015-11-02 01:42:01	I	msg:[SHOUTCASTMETADATA] Metadata string [Daddy Yankee/Zion Y Lennox - Tu Principe]
2015-11-02 01:42:01	I	msg:[SHOUTCASTMETADATA] Sending metadata
2015-11-02 01:44:51	I	msg:[DECODE] Next file is /var/www/html/mp3collection/255d6b54a4cf29.mp3
2015-11-02 01:45:27	I	msg:[SHOUTCASTMETADATA] Metadata string [Daddy Yankee - Lo Que Paso, Paso]
2015-11-02 01:45:27	I	msg:[SHOUTCASTMETADATA] Sending metadata
2015-11-02 01:48:22	I	msg:[DECODE] Next file is /var/www/html/mp3collection/255e24b152a31b.mp3
2015-11-02 01:48:58	I	msg:[SHOUTCASTMETADATA] Metadata string [02. Tito El Bambino - Siente El Boom (Remix) (feat. Jowell & Randy)]
2015-11-02 01:48:58	I	msg:[SHOUTCASTMETADATA] Sending metadata
2015-11-02 01:50:53	I	msg:[DECODE] Next file is /var/www/html/mp3collection/255e24a9491c3b.mp3
2015-11-02 01:51:29	I	msg:[SHOUTCASTMETADATA] Metadata string [J King & Maximan - Pa' Que Te Quites La Ropa]
2015-11-02 01:51:29	I	msg:[SHOUTCASTMETADATA] Sending metadata
2015-11-02 01:54:57	I	msg:[DECODE] Next file is /var/www/html/mp3collection/255e247002ba2c.mp3
2015-11-02 01:55:33	I	msg:[SHOUTCASTMETADATA] Metadata string [J King & Maximan - Pa' Que Te Quites La Ropa]
2015-11-02 01:55:33	I	msg:[SHOUTCASTMETADATA] Sending metadata
2015-11-02 01:59:00	I	msg:[DECODE] Next file is /var/www/html/mp3collection/255d95058181ac.mp3
2015-11-02 01:59:35	I	msg:[SHOUTCASTMETADATA] Metadata string [Lui G 21 + - La Misma Copa]
2015-11-02 01:59:35	I	msg:[SHOUTCASTMETADATA] Sending metadata
2015-11-02 02:02:11	I	msg:[DECODE] Next file is /var/www/html/mp3collection/255e24a794d054.mp3
2015-11-02 02:02:47	I	msg:[SHOUTCASTMETADATA] Metadata string [J King & Maximan Ft. Ñejo & Dalmata, De La Ghetto, Jamsha & Guelo Star - La Longa (Remix)]
2015-11-02 02:02:47	I	msg:[SHOUTCASTMETADATA] Sending metadata
2015-11-02 02:09:10	I	msg:[DECODE] Next file is /var/www/html/mp3collection/255d94f811a600.mp3
2015-11-02 02:09:46	I	msg:[SHOUTCASTMETADATA] Metadata string [Lui-G 21+ Ft Zion - Se Real]
2015-11-02 02:09:46	I	msg:[SHOUTCASTMETADATA] Sending metadata
2015-11-02 02:12:57	I	msg:[DECODE] Next file is /var/www/html/mp3collection/255e249b11a83f.mp3
2015-11-02 02:13:33	I	msg:[SHOUTCASTMETADATA] Metadata string [J King & Maximan - Dura Dura]
2015-11-02 02:13:33	I	msg:[SHOUTCASTMETADATA] Sending metadata
2015-11-02 02:16:49	I	msg:[DECODE] Next file is /var/www/html/mp3collection/255e24afe0e1c8.mp3
2015-11-02 02:17:25	I	msg:[SHOUTCASTMETADATA] Metadata string [01. Jowell & Randy - No Te Veo]
2015-11-02 02:17:25	I	msg:[SHOUTCASTMETADATA] Sending metadata
2015-11-02 02:20:33	I	msg:[DECODE] Next file is /var/www/html/mp3collection/255d9659a029b6.mp3
2015-11-02 02:20:33	I	msg:[RESAMPLER] Resampling 48000/2 == 44100/2
2015-11-02 02:21:09	I	msg:[SHOUTCASTMETADATA] Metadata string [J Alvarez - La Pregunta]
2015-11-02 02:21:09	I	msg:[SHOUTCASTMETADATA] Sending metadata
2015-11-02 02:25:03	I	msg:[DECODE] Next file is /var/www/html/mp3collection/255d94febc086f.mp3
2015-11-02 02:25:03	I	msg:[RESAMPLER] Deactivated 44100/2 == 44100/2
2015-11-02 02:25:39	I	msg:[SHOUTCASTMETADATA] Metadata string [Lui G 21+ - Asi Soy Yo]
2015-11-02 02:25:39	I	msg:[SHOUTCASTMETADATA] Sending metadata
2015-11-02 02:28:29	I	msg:[DECODE] Next file is /var/www/html/mp3collection/255d950fb13280.mp3
2015-11-02 02:29:04	I	msg:[SHOUTCASTMETADATA] Metadata string [Lui G 21+ Ft J Alvarez - Otro Panorama]
2015-11-02 02:29:04	I	msg:[SHOUTCASTMETADATA] Sending metadata
2015-11-02 02:31:49	I	msg:[DECODE] Next file is /var/www/html/mp3collection/255e24aafce360.mp3
2015-11-02 02:31:49	W	msg:RVAD tag not supported in file /var/www/html/mp3collection/255fe12f1b958c.mp3
2015-11-02 02:32:25	I	msg:[SHOUTCASTMETADATA] Metadata string [J King & Maximan Ft. Plan B - Ella Me Pide Something (Remix)]
2015-11-02 02:32:25	I	msg:[SHOUTCASTMETADATA] Sending metadata
2015-11-02 02:36:46	I	msg:[DECODE] Next file is /var/www/html/mp3collection/255d94e54d773f.mp3
2015-11-02 02:36:46	W	msg:RVAD tag not supported in file /var/www/html/mp3collection/255fe12f1b958c.mp3
2015-11-02 02:37:22	I	msg:[SHOUTCASTMETADATA] Metadata string [Lui G 21+ - Musica Alta]
2015-11-02 02:37:22	I	msg:[SHOUTCASTMETADATA] Sending metadata
2015-11-02 02:39:35	I	msg:[DECODE] Next file is /var/www/html/mp3collection/255d6b6117c923.mp3
2015-11-02 02:39:35	W	msg:RVAD tag not supported in file /var/www/html/mp3collection/255fe12f1b958c.mp3
2015-11-02 02:39:35	W	msg:RVAD tag not supported in file /var/www/html/mp3collection/255fe12f1b958c.mp3
2015-11-02 02:40:11	I	msg:[SHOUTCASTMETADATA] Metadata string [Daddy Yankee - Salud Y Vida]
2015-11-02 02:40:11	I	msg:[SHOUTCASTMETADATA] Sending metadata
2015-11-02 02:43:02	I	msg:[DECODE] Next file is /var/www/html/mp3collection/255fe12f1b958c.mp3
2015-11-02 02:43:02	W	msg:RVAD tag not supported in file /var/www/html/mp3collection/255fe12f1b958c.mp3
2015-11-02 02:43:02	W	msg:RVAD tag not supported in file /var/www/html/mp3collection/255fe12f1b958c.mp3
2015-11-02 02:43:37	I	msg:[SHOUTCASTMETADATA] Metadata string [Daddy Yankee - Me Enteré (Ft. Tito "El Bambino")]
2015-11-02 02:43:37	I	msg:[SHOUTCASTMETADATA] Sending metadata
2015-11-02 02:46:08	I	msg:[DECODE] Next file is /var/www/html/mp3collection/255d6b4afecfbb.mp3
2015-11-02 02:46:45	I	msg:[SHOUTCASTMETADATA] Metadata string [Daddy Yankee - King Daddy]
2015-11-02 02:46:45	I	msg:[SHOUTCASTMETADATA] Sending metadata
2015-11-02 02:48:40	I	msg:[DECODE] Next file is /var/www/html/mp3collection/255d922024ddc0.mp3
2015-11-02 02:49:16	I	msg:[SHOUTCASTMETADATA] Metadata string [Daddy Yankee - Descontrol]
2015-11-02 02:49:16	I	msg:[SHOUTCASTMETADATA] Sending metadata
2015-11-02 02:51:33	I	msg:[DECODE] Next file is /var/www/html/mp3collection/255d94f02ea72f.mp3
2015-11-02 02:52:08	I	msg:[SHOUTCASTMETADATA] Metadata string [Lui G 21+ - Una Locura]
2015-11-02 02:52:08	I	msg:[SHOUTCASTMETADATA] Sending metadata
2015-11-02 02:54:22	I	msg:[DECODE] Next file is /var/www/html/mp3collection/255f62a6a051d7.mp3
2015-11-02 02:54:58	I	msg:[SHOUTCASTMETADATA] Metadata string [255f62a6a051d7]
2015-11-02 02:54:58	I	msg:[SHOUTCASTMETADATA] Sending metadata
2015-11-02 02:57:18	I	msg:[DECODE] Next file is /var/www/html/mp3collection/255e249bb7ab79.mp3
2015-11-02 02:57:54	I	msg:[SHOUTCASTMETADATA] Metadata string [J King & Maximan Ft. Ñengo Flow - Siente]
2015-11-02 02:57:54	I	msg:[SHOUTCASTMETADATA] Sending metadata
2015-11-02 03:01:38	I	msg:[DECODE] Next file is /var/www/html/mp3collection/255d94f02ea72f.mp3
2015-11-02 03:02:15	I	msg:[SHOUTCASTMETADATA] Metadata string [Lui G 21+ - Una Locura]
2015-11-02 03:02:15	I	msg:[SHOUTCASTMETADATA] Sending metadata
2015-11-02 03:04:28	I	msg:[DECODE] Next file is /var/www/html/mp3collection/255e24a794d054.mp3
2015-11-02 03:05:03	I	msg:[SHOUTCASTMETADATA] Metadata string [J King & Maximan Ft. Ñejo & Dalmata, De La Ghetto, Jamsha & Guelo Star - La Longa (Remix)]
2015-11-02 03:05:03	I	msg:[SHOUTCASTMETADATA] Sending metadata
2015-11-02 03:11:27	I	msg:[DECODE] Next file is /var/www/html/mp3collection/255d6b5ddb749e.mp3
2015-11-02 03:12:03	I	msg:[SHOUTCASTMETADATA] Metadata string [Daddy Yankee/Zion Y Lennox - Tu Principe]
2015-11-02 03:12:03	I	msg:[SHOUTCASTMETADATA] Sending metadata
2015-11-02 03:14:53	I	msg:[DECODE] Next file is /var/www/html/mp3collection/255d6b6117c923.mp3
2015-11-02 03:15:29	I	msg:[SHOUTCASTMETADATA] Metadata string [Daddy Yankee - Salud Y Vida]
2015-11-02 03:15:29	I	msg:[SHOUTCASTMETADATA] Sending metadata
2015-11-02 03:18:19	I	msg:[DECODE] Next file is /var/www/html/mp3collection/255d6b54a4cf29.mp3
2015-11-02 03:18:55	I	msg:[SHOUTCASTMETADATA] Metadata string [Daddy Yankee - Lo Que Paso, Paso]
2015-11-02 03:18:55	I	msg:[SHOUTCASTMETADATA] Sending metadata
2015-11-02 03:21:50	I	msg:[DECODE] Next file is /var/www/html/mp3collection/255d9659a029b6.mp3
2015-11-02 03:21:50	I	msg:[RESAMPLER] Resampling 48000/2 == 44100/2
2015-11-02 03:22:26	I	msg:[SHOUTCASTMETADATA] Metadata string [J Alvarez - La Pregunta]
2015-11-02 03:22:26	I	msg:[SHOUTCASTMETADATA] Sending metadata
2015-11-02 03:26:20	I	msg:[DECODE] Next file is /var/www/html/mp3collection/255e247002ba2c.mp3
2015-11-02 03:26:20	I	msg:[RESAMPLER] Deactivated 44100/2 == 44100/2
2015-11-02 03:26:56	I	msg:[SHOUTCASTMETADATA] Metadata string [J King & Maximan - Pa' Que Te Quites La Ropa]
2015-11-02 03:26:56	I	msg:[SHOUTCASTMETADATA] Sending metadata
2015-11-02 03:30:24	I	msg:[DECODE] Next file is /var/www/html/mp3collection/255e24b152a31b.mp3
2015-11-02 03:30:59	I	msg:[SHOUTCASTMETADATA] Metadata string [02. Tito El Bambino - Siente El Boom (Remix) (feat. Jowell & Randy)]
2015-11-02 03:30:59	I	msg:[SHOUTCASTMETADATA] Sending metadata
2015-11-02 03:32:55	I	msg:[DECODE] Next file is /var/www/html/mp3collection/255e24aafce360.mp3
2015-11-02 03:33:30	I	msg:[SHOUTCASTMETADATA] Metadata string [J King & Maximan Ft. Plan B - Ella Me Pide Something (Remix)]
2015-11-02 03:33:30	I	msg:[SHOUTCASTMETADATA] Sending metadata
2015-11-02 03:37:52	I	msg:[DECODE] Next file is /var/www/html/mp3collection/255d94f811a600.mp3
2015-11-02 03:38:28	I	msg:[SHOUTCASTMETADATA] Metadata string [Lui-G 21+ Ft Zion - Se Real]
2015-11-02 03:38:28	I	msg:[SHOUTCASTMETADATA] Sending metadata
2015-11-02 03:41:38	I	msg:[DECODE] Next file is /var/www/html/mp3collection/255e24a9491c3b.mp3
2015-11-02 03:42:15	I	msg:[SHOUTCASTMETADATA] Metadata string [J King & Maximan - Pa' Que Te Quites La Ropa]
2015-11-02 03:42:15	I	msg:[SHOUTCASTMETADATA] Sending metadata
2015-11-02 03:45:42	I	msg:[DECODE] Next file is /var/www/html/mp3collection/255d950fb13280.mp3
2015-11-02 03:46:18	I	msg:[SHOUTCASTMETADATA] Metadata string [Lui G 21+ Ft J Alvarez - Otro Panorama]
2015-11-02 03:46:18	I	msg:[SHOUTCASTMETADATA] Sending metadata
2015-11-02 03:49:02	I	msg:[DECODE] Next file is /var/www/html/mp3collection/255d94febc086f.mp3
2015-11-02 03:49:38	I	msg:[SHOUTCASTMETADATA] Metadata string [Lui G 21+ - Asi Soy Yo]
2015-11-02 03:49:38	I	msg:[SHOUTCASTMETADATA] Sending metadata
2015-11-02 03:52:28	I	msg:[DECODE] Next file is /var/www/html/mp3collection/255f62a6a051d7.mp3
2015-11-02 03:53:04	I	msg:[SHOUTCASTMETADATA] Metadata string [255f62a6a051d7]
2015-11-02 03:53:04	I	msg:[SHOUTCASTMETADATA] Sending metadata
2015-11-02 03:55:24	I	msg:[DECODE] Next file is /var/www/html/mp3collection/255d95058181ac.mp3
2015-11-02 03:56:00	I	msg:[SHOUTCASTMETADATA] Metadata string [Lui G 21 + - La Misma Copa]
2015-11-02 03:56:00	I	msg:[SHOUTCASTMETADATA] Sending metadata
2015-11-02 03:58:35	I	msg:[DECODE] Next file is /var/www/html/mp3collection/255d6b4afecfbb.mp3
2015-11-02 03:58:35	W	msg:RVAD tag not supported in file /var/www/html/mp3collection/255fe12f1b958c.mp3
2015-11-02 03:59:11	I	msg:[SHOUTCASTMETADATA] Metadata string [Daddy Yankee - King Daddy]
2015-11-02 03:59:11	I	msg:[SHOUTCASTMETADATA] Sending metadata
2015-11-02 04:01:05	I	msg:[DECODE] Next file is /var/www/html/mp3collection/255e249b11a83f.mp3
2015-11-02 04:01:06	W	msg:RVAD tag not supported in file /var/www/html/mp3collection/255fe12f1b958c.mp3
2015-11-02 04:01:42	I	msg:[SHOUTCASTMETADATA] Metadata string [J King & Maximan - Dura Dura]
2015-11-02 04:01:42	I	msg:[SHOUTCASTMETADATA] Sending metadata
2015-11-02 04:04:58	I	msg:[DECODE] Next file is /var/www/html/mp3collection/255e24afe0e1c8.mp3
2015-11-02 04:04:58	W	msg:RVAD tag not supported in file /var/www/html/mp3collection/255fe12f1b958c.mp3
2015-11-02 04:04:58	W	msg:RVAD tag not supported in file /var/www/html/mp3collection/255fe12f1b958c.mp3
2015-11-02 04:05:33	I	msg:[SHOUTCASTMETADATA] Metadata string [01. Jowell & Randy - No Te Veo]
2015-11-02 04:05:33	I	msg:[SHOUTCASTMETADATA] Sending metadata
2015-11-02 04:08:42	I	msg:[DECODE] Next file is /var/www/html/mp3collection/255fe12f1b958c.mp3
2015-11-02 04:08:42	W	msg:RVAD tag not supported in file /var/www/html/mp3collection/255fe12f1b958c.mp3
2015-11-02 04:08:42	W	msg:RVAD tag not supported in file /var/www/html/mp3collection/255fe12f1b958c.mp3
2015-11-02 04:09:17	I	msg:[SHOUTCASTMETADATA] Metadata string [Daddy Yankee - Me Enteré (Ft. Tito "El Bambino")]
2015-11-02 04:09:17	I	msg:[SHOUTCASTMETADATA] Sending metadata
2015-11-02 04:11:49	I	msg:[DECODE] Next file is /var/www/html/mp3collection/255d94e54d773f.mp3
2015-11-02 04:12:25	I	msg:[SHOUTCASTMETADATA] Metadata string [Lui G 21+ - Musica Alta]
2015-11-02 04:12:25	I	msg:[SHOUTCASTMETADATA] Sending metadata
2015-11-02 04:14:38	I	msg:[DECODE] Next file is /var/www/html/mp3collection/255e24b350b0f2.mp3
2015-11-02 04:15:14	I	msg:[SHOUTCASTMETADATA] Metadata string [06. Randy - Soy Una Gárgola]
2015-11-02 04:15:14	I	msg:[SHOUTCASTMETADATA] Sending metadata
2015-11-02 04:17:11	I	msg:[DECODE] Next file is /var/www/html/mp3collection/255d922024ddc0.mp3
2015-11-02 04:17:47	I	msg:[SHOUTCASTMETADATA] Metadata string [Daddy Yankee - Descontrol]
2015-11-02 04:17:47	I	msg:[SHOUTCASTMETADATA] Sending metadata
2015-11-02 04:20:04	I	msg:[DECODE] Next file is /var/www/html/mp3collection/255e247002ba2c.mp3
2015-11-02 04:20:04	W	msg:RVAD tag not supported in file /var/www/html/mp3collection/255fe12f1b958c.mp3
2015-11-02 04:20:40	I	msg:[SHOUTCASTMETADATA] Metadata string [J King & Maximan - Pa' Que Te Quites La Ropa]
2015-11-02 04:20:40	I	msg:[SHOUTCASTMETADATA] Sending metadata
2015-11-02 04:24:08	I	msg:[DECODE] Next file is /var/www/html/mp3collection/255d94f02ea72f.mp3
2015-11-02 04:24:08	W	msg:RVAD tag not supported in file /var/www/html/mp3collection/255fe12f1b958c.mp3
2015-11-02 04:24:43	I	msg:[SHOUTCASTMETADATA] Metadata string [Lui G 21+ - Una Locura]
2015-11-02 04:24:43	I	msg:[SHOUTCASTMETADATA] Sending metadata
2015-11-02 04:26:57	I	msg:[DECODE] Next file is /var/www/html/mp3collection/255d94f811a600.mp3
2015-11-02 04:26:57	W	msg:RVAD tag not supported in file /var/www/html/mp3collection/255fe12f1b958c.mp3
2015-11-02 04:26:57	W	msg:RVAD tag not supported in file /var/www/html/mp3collection/255fe12f1b958c.mp3
2015-11-02 04:27:33	I	msg:[SHOUTCASTMETADATA] Metadata string [Lui-G 21+ Ft Zion - Se Real]
2015-11-02 04:27:33	I	msg:[SHOUTCASTMETADATA] Sending metadata
2015-11-02 04:30:44	I	msg:[DECODE] Next file is /var/www/html/mp3collection/255fe12f1b958c.mp3
2015-11-02 04:30:44	W	msg:RVAD tag not supported in file /var/www/html/mp3collection/255fe12f1b958c.mp3
2015-11-02 04:30:44	W	msg:RVAD tag not supported in file /var/www/html/mp3collection/255fe12f1b958c.mp3
2015-11-02 04:31:20	I	msg:[SHOUTCASTMETADATA] Metadata string [Daddy Yankee - Me Enteré (Ft. Tito "El Bambino")]
2015-11-02 04:31:20	I	msg:[SHOUTCASTMETADATA] Sending metadata
2015-11-02 04:33:51	I	msg:[DECODE] Next file is /var/www/html/mp3collection/255e249bb7ab79.mp3
2015-11-02 04:34:27	I	msg:[SHOUTCASTMETADATA] Metadata string [J King & Maximan Ft. Ñengo Flow - Siente]
2015-11-02 04:34:27	I	msg:[SHOUTCASTMETADATA] Sending metadata
2015-11-02 04:38:11	I	msg:[DECODE] Next file is /var/www/html/mp3collection/255d950fb13280.mp3
2015-11-02 04:38:47	I	msg:[SHOUTCASTMETADATA] Metadata string [Lui G 21+ Ft J Alvarez - Otro Panorama]
2015-11-02 04:38:47	I	msg:[SHOUTCASTMETADATA] Sending metadata
2015-11-02 04:41:32	I	msg:[DECODE] Next file is /var/www/html/mp3collection/255d6b6117c923.mp3
2015-11-02 04:42:08	I	msg:[SHOUTCASTMETADATA] Metadata string [Daddy Yankee - Salud Y Vida]
2015-11-02 04:42:08	I	msg:[SHOUTCASTMETADATA] Sending metadata
2015-11-02 04:44:58	I	msg:[DECODE] Next file is /var/www/html/mp3collection/255e24a794d054.mp3
2015-11-02 04:45:34	I	msg:[SHOUTCASTMETADATA] Metadata string [J King & Maximan Ft. Ñejo & Dalmata, De La Ghetto, Jamsha & Guelo Star - La Longa (Remix)]
2015-11-02 04:45:34	I	msg:[SHOUTCASTMETADATA] Sending metadata
2015-11-02 04:51:57	I	msg:[DECODE] Next file is /var/www/html/mp3collection/255d6b4afecfbb.mp3
2015-11-02 04:52:34	I	msg:[SHOUTCASTMETADATA] Metadata string [Daddy Yankee - King Daddy]
2015-11-02 04:52:34	I	msg:[SHOUTCASTMETADATA] Sending metadata
2015-11-02 04:54:29	I	msg:[DECODE] Next file is /var/www/html/mp3collection/255e24b152a31b.mp3
2015-11-02 04:55:04	I	msg:[SHOUTCASTMETADATA] Metadata string [02. Tito El Bambino - Siente El Boom (Remix) (feat. Jowell & Randy)]
2015-11-02 04:55:04	I	msg:[SHOUTCASTMETADATA] Sending metadata
2015-11-02 04:57:00	I	msg:[DECODE] Next file is /var/www/html/mp3collection/255e249b11a83f.mp3
2015-11-02 04:57:36	I	msg:[SHOUTCASTMETADATA] Metadata string [J King & Maximan - Dura Dura]
2015-11-02 04:57:36	I	msg:[SHOUTCASTMETADATA] Sending metadata
2015-11-02 05:00:52	I	msg:[DECODE] Next file is /var/www/html/mp3collection/255d6b5ddb749e.mp3
2015-11-02 05:01:28	I	msg:[SHOUTCASTMETADATA] Metadata string [Daddy Yankee/Zion Y Lennox - Tu Principe]
2015-11-02 05:01:28	I	msg:[SHOUTCASTMETADATA] Sending metadata
2015-11-02 05:04:17	I	msg:[DECODE] Next file is /var/www/html/mp3collection/255e24afe0e1c8.mp3
2015-11-02 05:04:53	I	msg:[SHOUTCASTMETADATA] Metadata string [01. Jowell & Randy - No Te Veo]
2015-11-02 05:04:53	I	msg:[SHOUTCASTMETADATA] Sending metadata
2015-11-02 05:08:01	I	msg:[DECODE] Next file is /var/www/html/mp3collection/255d922024ddc0.mp3
2015-11-02 05:08:37	I	msg:[SHOUTCASTMETADATA] Metadata string [Daddy Yankee - Descontrol]
2015-11-02 05:08:37	I	msg:[SHOUTCASTMETADATA] Sending metadata
2015-11-02 05:10:54	I	msg:[DECODE] Next file is /var/www/html/mp3collection/255d6b54a4cf29.mp3
2015-11-02 05:11:31	I	msg:[SHOUTCASTMETADATA] Metadata string [Daddy Yankee - Lo Que Paso, Paso]
2015-11-02 05:11:31	I	msg:[SHOUTCASTMETADATA] Sending metadata
2015-11-02 05:14:25	I	msg:[DECODE] Next file is /var/www/html/mp3collection/255e24aafce360.mp3
2015-11-02 05:15:01	I	msg:[SHOUTCASTMETADATA] Metadata string [J King & Maximan Ft. Plan B - Ella Me Pide Something (Remix)]
2015-11-02 05:15:01	I	msg:[SHOUTCASTMETADATA] Sending metadata
2015-11-02 05:19:22	I	msg:[DECODE] Next file is /var/www/html/mp3collection/255e24a9491c3b.mp3
2015-11-02 05:19:58	I	msg:[SHOUTCASTMETADATA] Metadata string [J King & Maximan - Pa' Que Te Quites La Ropa]
2015-11-02 05:19:58	I	msg:[SHOUTCASTMETADATA] Sending metadata
2015-11-02 05:23:26	I	msg:[DECODE] Next file is /var/www/html/mp3collection/255d9659a029b6.mp3
2015-11-02 05:23:26	I	msg:[RESAMPLER] Resampling 48000/2 == 44100/2
2015-11-02 05:24:02	I	msg:[SHOUTCASTMETADATA] Metadata string [J Alvarez - La Pregunta]
2015-11-02 05:24:02	I	msg:[SHOUTCASTMETADATA] Sending metadata
2015-11-02 05:27:56	I	msg:[DECODE] Next file is /var/www/html/mp3collection/255d94febc086f.mp3
2015-11-02 05:27:56	I	msg:[RESAMPLER] Deactivated 44100/2 == 44100/2
2015-11-02 05:28:31	I	msg:[SHOUTCASTMETADATA] Metadata string [Lui G 21+ - Asi Soy Yo]
2015-11-02 05:28:31	I	msg:[SHOUTCASTMETADATA] Sending metadata
2015-11-02 05:31:21	I	msg:[DECODE] Next file is /var/www/html/mp3collection/255e24b350b0f2.mp3
2015-11-02 05:31:57	I	msg:[SHOUTCASTMETADATA] Metadata string [06. Randy - Soy Una Gárgola]
2015-11-02 05:31:57	I	msg:[SHOUTCASTMETADATA] Sending metadata
2015-11-02 05:33:55	I	msg:[DECODE] Next file is /var/www/html/mp3collection/255d95058181ac.mp3
2015-11-02 05:34:30	I	msg:[SHOUTCASTMETADATA] Metadata string [Lui G 21 + - La Misma Copa]
2015-11-02 05:34:30	I	msg:[SHOUTCASTMETADATA] Sending metadata
2015-11-02 05:37:05	I	msg:[DECODE] Next file is /var/www/html/mp3collection/255f62a6a051d7.mp3
2015-11-02 05:37:41	I	msg:[SHOUTCASTMETADATA] Metadata string [255f62a6a051d7]
2015-11-02 05:37:41	I	msg:[SHOUTCASTMETADATA] Sending metadata
2015-11-02 05:40:01	I	msg:[DECODE] Next file is /var/www/html/mp3collection/255d94e54d773f.mp3
2015-11-02 05:40:37	I	msg:[SHOUTCASTMETADATA] Metadata string [Lui G 21+ - Musica Alta]
2015-11-02 05:40:37	I	msg:[SHOUTCASTMETADATA] Sending metadata
2015-11-02 05:42:50	I	msg:[DECODE] Next file is /var/www/html/mp3collection/255d95058181ac.mp3
2015-11-02 05:43:26	I	msg:[SHOUTCASTMETADATA] Metadata string [Lui G 21 + - La Misma Copa]
2015-11-02 05:43:26	I	msg:[SHOUTCASTMETADATA] Sending metadata
2015-11-02 05:46:01	I	msg:[DECODE] Next file is /var/www/html/mp3collection/255e24aafce360.mp3
2015-11-02 05:46:37	I	msg:[SHOUTCASTMETADATA] Metadata string [J King & Maximan Ft. Plan B - Ella Me Pide Something (Remix)]
2015-11-02 05:46:37	I	msg:[SHOUTCASTMETADATA] Sending metadata
2015-11-02 05:50:58	I	msg:[DECODE] Next file is /var/www/html/mp3collection/255e249bb7ab79.mp3
2015-11-02 05:51:34	I	msg:[SHOUTCASTMETADATA] Metadata string [J King & Maximan Ft. Ñengo Flow - Siente]
2015-11-02 05:51:34	I	msg:[SHOUTCASTMETADATA] Sending metadata
2015-11-02 05:55:18	I	msg:[DECODE] Next file is /var/www/html/mp3collection/255d94f02ea72f.mp3
2015-11-02 05:55:54	I	msg:[SHOUTCASTMETADATA] Metadata string [Lui G 21+ - Una Locura]
2015-11-02 05:55:54	I	msg:[SHOUTCASTMETADATA] Sending metadata
2015-11-02 05:58:08	I	msg:[DECODE] Next file is /var/www/html/mp3collection/255d6b6117c923.mp3
2015-11-02 05:58:44	I	msg:[SHOUTCASTMETADATA] Metadata string [Daddy Yankee - Salud Y Vida]
2015-11-02 05:58:44	I	msg:[SHOUTCASTMETADATA] Sending metadata
2015-11-02 06:01:35	I	msg:[DECODE] Next file is /var/www/html/mp3collection/255d922024ddc0.mp3
2015-11-02 06:02:10	I	msg:[SHOUTCASTMETADATA] Metadata string [Daddy Yankee - Descontrol]
2015-11-02 06:02:10	I	msg:[SHOUTCASTMETADATA] Sending metadata
2015-11-02 06:04:27	I	msg:[DECODE] Next file is /var/www/html/mp3collection/255d94f811a600.mp3
2015-11-02 06:05:03	I	msg:[SHOUTCASTMETADATA] Metadata string [Lui-G 21+ Ft Zion - Se Real]
2015-11-02 06:05:03	I	msg:[SHOUTCASTMETADATA] Sending metadata
2015-11-02 06:08:14	I	msg:[DECODE] Next file is /var/www/html/mp3collection/255e249b11a83f.mp3
2015-11-02 06:08:50	I	msg:[SHOUTCASTMETADATA] Metadata string [J King & Maximan - Dura Dura]
2015-11-02 06:08:50	I	msg:[SHOUTCASTMETADATA] Sending metadata
2015-11-02 06:12:06	I	msg:[DECODE] Next file is /var/www/html/mp3collection/255d6b5ddb749e.mp3
2015-11-02 06:12:42	I	msg:[SHOUTCASTMETADATA] Metadata string [Daddy Yankee/Zion Y Lennox - Tu Principe]
2015-11-02 06:12:42	I	msg:[SHOUTCASTMETADATA] Sending metadata
2015-11-02 06:15:32	I	msg:[DECODE] Next file is /var/www/html/mp3collection/255d6b4afecfbb.mp3
2015-11-02 06:16:07	I	msg:[SHOUTCASTMETADATA] Metadata string [Daddy Yankee - King Daddy]
2015-11-02 06:16:07	I	msg:[SHOUTCASTMETADATA] Sending metadata
2015-11-02 06:18:03	I	msg:[DECODE] Next file is /var/www/html/mp3collection/255f62a6a051d7.mp3
2015-11-02 06:18:39	I	msg:[SHOUTCASTMETADATA] Metadata string [255f62a6a051d7]
2015-11-02 06:18:39	I	msg:[SHOUTCASTMETADATA] Sending metadata
2015-11-02 06:20:59	I	msg:[DECODE] Next file is /var/www/html/mp3collection/255e247002ba2c.mp3
2015-11-02 06:21:35	I	msg:[SHOUTCASTMETADATA] Metadata string [J King & Maximan - Pa' Que Te Quites La Ropa]
2015-11-02 06:21:35	I	msg:[SHOUTCASTMETADATA] Sending metadata
2015-11-02 06:25:02	I	msg:[DECODE] Next file is /var/www/html/mp3collection/255d94e54d773f.mp3
2015-11-02 06:25:37	I	msg:[SHOUTCASTMETADATA] Metadata string [Lui G 21+ - Musica Alta]
2015-11-02 06:25:37	I	msg:[SHOUTCASTMETADATA] Sending metadata
2015-11-02 06:27:51	I	msg:[DECODE] Next file is /var/www/html/mp3collection/255d6b54a4cf29.mp3
2015-11-02 06:28:27	I	msg:[SHOUTCASTMETADATA] Metadata string [Daddy Yankee - Lo Que Paso, Paso]
2015-11-02 06:28:27	I	msg:[SHOUTCASTMETADATA] Sending metadata
2015-11-02 06:31:22	I	msg:[DECODE] Next file is /var/www/html/mp3collection/255e24b350b0f2.mp3
2015-11-02 06:31:58	I	msg:[SHOUTCASTMETADATA] Metadata string [06. Randy - Soy Una Gárgola]
2015-11-02 06:31:58	I	msg:[SHOUTCASTMETADATA] Sending metadata
2015-11-02 06:33:55	I	msg:[DECODE] Next file is /var/www/html/mp3collection/255e24afe0e1c8.mp3
2015-11-02 06:33:55	W	msg:RVAD tag not supported in file /var/www/html/mp3collection/255fe12f1b958c.mp3
2015-11-02 06:34:31	I	msg:[SHOUTCASTMETADATA] Metadata string [01. Jowell & Randy - No Te Veo]
2015-11-02 06:34:31	I	msg:[SHOUTCASTMETADATA] Sending metadata
2015-11-02 06:37:39	I	msg:[DECODE] Next file is /var/www/html/mp3collection/255d94febc086f.mp3
2015-11-02 06:37:39	W	msg:RVAD tag not supported in file /var/www/html/mp3collection/255fe12f1b958c.mp3
2015-11-02 06:38:15	I	msg:[SHOUTCASTMETADATA] Metadata string [Lui G 21+ - Asi Soy Yo]
2015-11-02 06:38:15	I	msg:[SHOUTCASTMETADATA] Sending metadata
2015-11-02 06:41:05	I	msg:[DECODE] Next file is /var/www/html/mp3collection/255e24b152a31b.mp3
2015-11-02 06:41:05	W	msg:RVAD tag not supported in file /var/www/html/mp3collection/255fe12f1b958c.mp3
2015-11-02 06:41:05	W	msg:RVAD tag not supported in file /var/www/html/mp3collection/255fe12f1b958c.mp3
2015-11-02 06:41:41	I	msg:[SHOUTCASTMETADATA] Metadata string [02. Tito El Bambino - Siente El Boom (Remix) (feat. Jowell & Randy)]
2015-11-02 06:41:41	I	msg:[SHOUTCASTMETADATA] Sending metadata
2015-11-02 06:43:36	I	msg:[DECODE] Next file is /var/www/html/mp3collection/255fe12f1b958c.mp3
2015-11-02 06:43:36	W	msg:RVAD tag not supported in file /var/www/html/mp3collection/255fe12f1b958c.mp3
2015-11-02 06:43:36	W	msg:RVAD tag not supported in file /var/www/html/mp3collection/255fe12f1b958c.mp3
2015-11-02 06:44:12	I	msg:[SHOUTCASTMETADATA] Metadata string [Daddy Yankee - Me Enteré (Ft. Tito "El Bambino")]
2015-11-02 06:44:12	I	msg:[SHOUTCASTMETADATA] Sending metadata
2015-11-02 06:46:43	I	msg:[DECODE] Next file is /var/www/html/mp3collection/255e24a794d054.mp3
2015-11-02 06:47:19	I	msg:[SHOUTCASTMETADATA] Metadata string [J King & Maximan Ft. Ñejo & Dalmata, De La Ghetto, Jamsha & Guelo Star - La Longa (Remix)]
2015-11-02 06:47:19	I	msg:[SHOUTCASTMETADATA] Sending metadata
2015-11-02 06:53:42	I	msg:[DECODE] Next file is /var/www/html/mp3collection/255d950fb13280.mp3
2015-11-02 06:54:18	I	msg:[SHOUTCASTMETADATA] Metadata string [Lui G 21+ Ft J Alvarez - Otro Panorama]
2015-11-02 06:54:18	I	msg:[SHOUTCASTMETADATA] Sending metadata
2015-11-02 06:57:03	I	msg:[DECODE] Next file is /var/www/html/mp3collection/255d9659a029b6.mp3
2015-11-02 06:57:03	I	msg:[RESAMPLER] Resampling 48000/2 == 44100/2
2015-11-02 06:57:39	I	msg:[SHOUTCASTMETADATA] Metadata string [J Alvarez - La Pregunta]
2015-11-02 06:57:39	I	msg:[SHOUTCASTMETADATA] Sending metadata
2015-11-02 07:01:32	I	msg:[DECODE] Next file is /var/www/html/mp3collection/255e24a9491c3b.mp3
2015-11-02 07:01:32	I	msg:[RESAMPLER] Deactivated 44100/2 == 44100/2
2015-11-02 07:02:08	I	msg:[SHOUTCASTMETADATA] Metadata string [J King & Maximan - Pa' Que Te Quites La Ropa]
2015-11-02 07:02:08	I	msg:[SHOUTCASTMETADATA] Sending metadata
2015-11-02 07:05:36	I	msg:[DECODE] Next file is /var/www/html/mp3collection/255e247002ba2c.mp3
2015-11-02 07:06:11	I	msg:[SHOUTCASTMETADATA] Metadata string [J King & Maximan - Pa' Que Te Quites La Ropa]
2015-11-02 07:06:11	I	msg:[SHOUTCASTMETADATA] Sending metadata
2015-11-02 07:09:40	I	msg:[DECODE] Next file is /var/www/html/mp3collection/255d950fb13280.mp3
2015-11-02 07:10:15	I	msg:[SHOUTCASTMETADATA] Metadata string [Lui G 21+ Ft J Alvarez - Otro Panorama]
2015-11-02 07:10:15	I	msg:[SHOUTCASTMETADATA] Sending metadata
2015-11-02 07:13:00	I	msg:[DECODE] Next file is /var/www/html/mp3collection/255e24a9491c3b.mp3
2015-11-02 07:13:00	W	msg:RVAD tag not supported in file /var/www/html/mp3collection/255fe12f1b958c.mp3
2015-11-02 07:13:35	I	msg:[SHOUTCASTMETADATA] Metadata string [J King & Maximan - Pa' Que Te Quites La Ropa]
2015-11-02 07:13:35	I	msg:[SHOUTCASTMETADATA] Sending metadata
2015-11-02 07:17:04	I	msg:[DECODE] Next file is /var/www/html/mp3collection/255d94e54d773f.mp3
2015-11-02 07:17:04	W	msg:RVAD tag not supported in file /var/www/html/mp3collection/255fe12f1b958c.mp3
2015-11-02 07:17:39	I	msg:[SHOUTCASTMETADATA] Metadata string [Lui G 21+ - Musica Alta]
2015-11-02 07:17:39	I	msg:[SHOUTCASTMETADATA] Sending metadata
2015-11-02 07:19:53	I	msg:[DECODE] Next file is /var/www/html/mp3collection/255d6b4afecfbb.mp3
2015-11-02 07:19:53	W	msg:RVAD tag not supported in file /var/www/html/mp3collection/255fe12f1b958c.mp3
2015-11-02 07:19:53	W	msg:RVAD tag not supported in file /var/www/html/mp3collection/255fe12f1b958c.mp3
2015-11-02 07:20:28	I	msg:[SHOUTCASTMETADATA] Metadata string [Daddy Yankee - King Daddy]
2015-11-02 07:20:28	I	msg:[SHOUTCASTMETADATA] Sending metadata
2015-11-02 07:22:24	I	msg:[DECODE] Next file is /var/www/html/mp3collection/255fe12f1b958c.mp3
2015-11-02 07:22:24	W	msg:RVAD tag not supported in file /var/www/html/mp3collection/255fe12f1b958c.mp3
2015-11-02 07:22:24	W	msg:RVAD tag not supported in file /var/www/html/mp3collection/255fe12f1b958c.mp3
2015-11-02 07:23:00	I	msg:[SHOUTCASTMETADATA] Metadata string [Daddy Yankee - Me Enteré (Ft. Tito "El Bambino")]
2015-11-02 07:23:00	I	msg:[SHOUTCASTMETADATA] Sending metadata
2015-11-02 07:25:31	I	msg:[DECODE] Next file is /var/www/html/mp3collection/255d9659a029b6.mp3
2015-11-02 07:25:31	I	msg:[RESAMPLER] Resampling 48000/2 == 44100/2
2015-11-02 07:26:07	I	msg:[SHOUTCASTMETADATA] Metadata string [J Alvarez - La Pregunta]
2015-11-02 07:26:07	I	msg:[SHOUTCASTMETADATA] Sending metadata
2015-11-02 07:30:00	I	msg:[DECODE] Next file is /var/www/html/mp3collection/255e24b350b0f2.mp3
2015-11-02 07:30:00	I	msg:[RESAMPLER] Deactivated 44100/2 == 44100/2
2015-11-02 07:30:36	I	msg:[SHOUTCASTMETADATA] Metadata string [06. Randy - Soy Una Gárgola]
2015-11-02 07:30:36	I	msg:[SHOUTCASTMETADATA] Sending metadata
2015-11-02 07:32:33	I	msg:[DECODE] Next file is /var/www/html/mp3collection/255d94f02ea72f.mp3
2015-11-02 07:33:09	I	msg:[SHOUTCASTMETADATA] Metadata string [Lui G 21+ - Una Locura]
2015-11-02 07:33:09	I	msg:[SHOUTCASTMETADATA] Sending metadata
2015-11-02 07:35:23	I	msg:[DECODE] Next file is /var/www/html/mp3collection/255f62a6a051d7.mp3
2015-11-02 07:35:59	I	msg:[SHOUTCASTMETADATA] Metadata string [255f62a6a051d7]
2015-11-02 07:35:59	I	msg:[SHOUTCASTMETADATA] Sending metadata
2015-11-02 07:38:18	I	msg:[DECODE] Next file is /var/www/html/mp3collection/255e24aafce360.mp3
2015-11-02 07:38:55	I	msg:[SHOUTCASTMETADATA] Metadata string [J King & Maximan Ft. Plan B - Ella Me Pide Something (Remix)]
2015-11-02 07:38:55	I	msg:[SHOUTCASTMETADATA] Sending metadata
2015-11-02 07:43:16	I	msg:[DECODE] Next file is /var/www/html/mp3collection/255e24a794d054.mp3
2015-11-02 07:43:52	I	msg:[SHOUTCASTMETADATA] Metadata string [J King & Maximan Ft. Ñejo & Dalmata, De La Ghetto, Jamsha & Guelo Star - La Longa (Remix)]
2015-11-02 07:43:52	I	msg:[SHOUTCASTMETADATA] Sending metadata
2015-11-02 07:50:15	I	msg:[DECODE] Next file is /var/www/html/mp3collection/255d6b54a4cf29.mp3
2015-11-02 07:50:51	I	msg:[SHOUTCASTMETADATA] Metadata string [Daddy Yankee - Lo Que Paso, Paso]
2015-11-02 07:50:51	I	msg:[SHOUTCASTMETADATA] Sending metadata
2015-11-02 07:53:46	I	msg:[DECODE] Next file is /var/www/html/mp3collection/255d6b5ddb749e.mp3
2015-11-02 07:54:22	I	msg:[SHOUTCASTMETADATA] Metadata string [Daddy Yankee/Zion Y Lennox - Tu Principe]
2015-11-02 07:54:22	I	msg:[SHOUTCASTMETADATA] Sending metadata
2015-11-02 07:57:11	I	msg:[DECODE] Next file is /var/www/html/mp3collection/255d95058181ac.mp3
2015-11-02 07:57:47	I	msg:[SHOUTCASTMETADATA] Metadata string [Lui G 21 + - La Misma Copa]
2015-11-02 07:57:47	I	msg:[SHOUTCASTMETADATA] Sending metadata
2015-11-02 08:00:22	I	msg:[DECODE] Next file is /var/www/html/mp3collection/255e24afe0e1c8.mp3
2015-11-02 08:00:58	I	msg:[SHOUTCASTMETADATA] Metadata string [01. Jowell & Randy - No Te Veo]
2015-11-02 08:00:58	I	msg:[SHOUTCASTMETADATA] Sending metadata
2015-11-02 08:04:06	I	msg:[DECODE] Next file is /var/www/html/mp3collection/255e24b152a31b.mp3
2015-11-02 08:04:42	I	msg:[SHOUTCASTMETADATA] Metadata string [02. Tito El Bambino - Siente El Boom (Remix) (feat. Jowell & Randy)]
2015-11-02 08:04:42	I	msg:[SHOUTCASTMETADATA] Sending metadata
2015-11-02 08:06:37	I	msg:[DECODE] Next file is /var/www/html/mp3collection/255e249b11a83f.mp3
2015-11-02 08:07:12	I	msg:[SHOUTCASTMETADATA] Metadata string [J King & Maximan - Dura Dura]
2015-11-02 08:07:12	I	msg:[SHOUTCASTMETADATA] Sending metadata
2015-11-02 08:10:29	I	msg:[DECODE] Next file is /var/www/html/mp3collection/255d94febc086f.mp3
2015-11-02 08:11:04	I	msg:[SHOUTCASTMETADATA] Metadata string [Lui G 21+ - Asi Soy Yo]
2015-11-02 08:11:04	I	msg:[SHOUTCASTMETADATA] Sending metadata
2015-11-02 08:13:55	I	msg:[DECODE] Next file is /var/www/html/mp3collection/255d922024ddc0.mp3
2015-11-02 08:14:30	I	msg:[SHOUTCASTMETADATA] Metadata string [Daddy Yankee - Descontrol]
2015-11-02 08:14:30	I	msg:[SHOUTCASTMETADATA] Sending metadata
2015-11-02 08:16:48	I	msg:[DECODE] Next file is /var/www/html/mp3collection/255d6b6117c923.mp3
2015-11-02 08:17:24	I	msg:[SHOUTCASTMETADATA] Metadata string [Daddy Yankee - Salud Y Vida]
2015-11-02 08:17:24	I	msg:[SHOUTCASTMETADATA] Sending metadata
2015-11-02 08:20:15	I	msg:[DECODE] Next file is /var/www/html/mp3collection/255e249bb7ab79.mp3
2015-11-02 08:20:50	I	msg:[SHOUTCASTMETADATA] Metadata string [J King & Maximan Ft. Ñengo Flow - Siente]
2015-11-02 08:20:50	I	msg:[SHOUTCASTMETADATA] Sending metadata
2015-11-02 08:24:35	I	msg:[DECODE] Next file is /var/www/html/mp3collection/255d94f811a600.mp3
2015-11-02 08:25:10	I	msg:[SHOUTCASTMETADATA] Metadata string [Lui-G 21+ Ft Zion - Se Real]
2015-11-02 08:25:10	I	msg:[SHOUTCASTMETADATA] Sending metadata
2015-11-02 08:28:22	I	msg:[DECODE] Next file is /var/www/html/mp3collection/255d6b6117c923.mp3
2015-11-02 08:28:58	I	msg:[SHOUTCASTMETADATA] Metadata string [Daddy Yankee - Salud Y Vida]
2015-11-02 08:28:58	I	msg:[SHOUTCASTMETADATA] Sending metadata
